<?xml version="1.0" encoding="UTF-8"?>
<!-- Generated by org.testng.reporters.JUnitXMLReporter -->
<testsuite ignored="2" hostname="Thien-Acer" failures="0" tests="25" name="Test" time="116.802" errors="0" timestamp="2021-11-20T09:28:34 ICT">
  <testcase classname="Test.HomePageTest" name="HMP01_to_HMP06" time="8.646"/>
  <testcase classname="Test.HomePageTest" name="HMP_07" time="1.112"/>
  <testcase classname="Test.HomePageTest" name="HMP_08" time="1.081"/>
  <testcase classname="Test.HomePageTest" name="HMP_09" time="1.3"/>
  <testcase classname="Test.HomePageTest" name="HMP_10" time="1.087"/>
  <testcase classname="Test.HomePageTest" name="HMP_11" time="1.563"/>
  <testcase classname="Test.HomePageTest" name="HMP_12" time="0.827"/>
  <testcase classname="Test.HomePageTest" name="HMP_13" time="0.793"/>
  <testcase classname="Test.HomePageTest" name="HMP_14" time="0.78"/>
  <testcase classname="Test.HomePageTest" name="HMP_15" time="1.252"/>
  <testcase classname="Test.HomePageTest" name="HMP_16" time="0.65"/>
  <testcase classname="Test.HomePageTest" name="HMP_17" time="1.576"/>
  <testcase classname="Test.HomePageTest" name="HMP_18" time="8.903"/>
  <testcase classname="Test.HomePageTest" name="HMP_19" time="1.228"/>
  <testcase classname="Test.HomePageTest" name="HMP_20" time="3.071"/>
  <testcase classname="Test.HomePageTest" name="HMP_21" time="3.711"/>
  <testcase classname="Test.HomePageTest" name="HMP_22" time="2.914"/>
  <testcase classname="Test.HomePageTest" name="HMP_23" time="1.842"/>
  <testcase classname="Test.HomePageTest" name="HMP_24" time="2.658"/>
  <testcase classname="Test.HomePageTest" name="HMP_25" time="1.377"/>
  <testcase classname="Test.HomePageTest" name="HMP26_to_HMP39" time="26.422"/>
  <testcase classname="Test.LoginPageTest" name="LGP_01" time="1.391"/>
  <testcase classname="Test.LoginPageTest" name="LGP_02" time="0.772"/>
  <testcase classname="Test.LoginPageTest" name="LGP_03" time="5.236"/>
  <testcase classname="Test.TabletPageTest" name="TLP01_TLP07" time="15.127"/>
  <testcase classname="Astractclass.Astractclass" name="@AfterTest afterTest" time="0.0">
    <ignored/>
  </testcase> <!-- @AfterTest afterTest -->
  <testcase classname="Astractclass.Astractclass" name="@BeforeTest before" time="0.0">
    <ignored/>
  </testcase> <!-- @BeforeTest before -->
</testsuite> <!-- Test -->
