<?xml version="1.0" encoding="UTF-8"?>
<!-- Generated by org.testng.reporters.JUnitXMLReporter -->
<testsuite ignored="2" hostname="Thien-Acer" failures="0" tests="25" name="Test" time="138.559" errors="0" timestamp="2021-11-19T17:22:19 ICT">
  <testcase classname="Test.HomePageTest" name="HMP01_to_HMP06" time="10.55"/>
  <testcase classname="Test.HomePageTest" name="HMP_07" time="1.301"/>
  <testcase classname="Test.HomePageTest" name="HMP_08" time="1.044"/>
  <testcase classname="Test.HomePageTest" name="HMP_09" time="0.871"/>
  <testcase classname="Test.HomePageTest" name="HMP_10" time="1.396"/>
  <testcase classname="Test.HomePageTest" name="HMP_11" time="1.196"/>
  <testcase classname="Test.HomePageTest" name="HMP_12" time="0.821"/>
  <testcase classname="Test.HomePageTest" name="HMP_13" time="0.908"/>
  <testcase classname="Test.HomePageTest" name="HMP_14" time="0.867"/>
  <testcase classname="Test.HomePageTest" name="HMP_15" time="0.831"/>
  <testcase classname="Test.HomePageTest" name="HMP_16" time="1.234"/>
  <testcase classname="Test.HomePageTest" name="HMP_17" time="1.048"/>
  <testcase classname="Test.HomePageTest" name="HMP_18" time="10.718"/>
  <testcase classname="Test.HomePageTest" name="HMP_19" time="0.859"/>
  <testcase classname="Test.HomePageTest" name="HMP_20" time="2.936"/>
  <testcase classname="Test.HomePageTest" name="HMP_21" time="3.649"/>
  <testcase classname="Test.HomePageTest" name="HMP_22" time="13.153"/>
  <testcase classname="Test.HomePageTest" name="HMP_23" time="2.099"/>
  <testcase classname="Test.HomePageTest" name="HMP_24" time="2.78"/>
  <testcase classname="Test.HomePageTest" name="HMP_25" time="1.45"/>
  <testcase classname="Test.HomePageTest" name="HMP26_to_HMP39" time="19.503"/>
  <testcase classname="Test.LoginPageTest" name="LGP_01" time="1.023"/>
  <testcase classname="Test.LoginPageTest" name="LGP_02" time="1.044"/>
  <testcase classname="Test.LoginPageTest" name="LGP_03" time="4.377"/>
  <testcase classname="Test.TabletPageTest" name="TLP01_TLP07" time="18.531"/>
  <testcase classname="Astractclass.Astractclass" name="@AfterTest afterTest" time="0.0">
    <ignored/>
  </testcase> <!-- @AfterTest afterTest -->
  <testcase classname="Astractclass.Astractclass" name="@BeforeTest before" time="0.0">
    <ignored/>
  </testcase> <!-- @BeforeTest before -->
</testsuite> <!-- Test -->
