<?xml version="1.0" encoding="UTF-8"?>
<!-- Generated by org.testng.reporters.JUnitXMLReporter -->
<testsuite ignored="1" hostname="Thien-Acer" failures="0" tests="2" name="Test" time="19.285" errors="0" timestamp="2021-11-03T15:59:01 ICT">
  <testcase classname="Test.HomePageTest" name="check_chon_menu" time="2.459"/>
  <testcase classname="Test.HomePageTest" name="check_div_title" time="7.215"/>
  <testcase classname="Test.HomePageTest" name="chonthuonghieu" time="0.0">
    <ignored/>
  </testcase> <!-- chonthuonghieu -->
</testsuite> <!-- Test -->
