<?xml version="1.0" encoding="UTF-8"?>
<!-- Generated by org.testng.reporters.JUnitXMLReporter -->
<testsuite ignored="0" hostname="Thien-Acer" failures="1" tests="1" name="Test" time="9.814" errors="0" timestamp="2021-10-30T14:02:33 ICT">
  <testcase classname="Test.HomePageTest" name="chonthuonghieu" time="0.009">
    <failure type="java.lang.NullPointerException" message="Cannot invoke &amp;quot;POM.HomePage.chan_pc()&amp;quot; because &amp;quot;this.objHomePage&amp;quot; is null">
      <![CDATA[java.lang.NullPointerException: Cannot invoke "POM.HomePage.chan_pc()" because "this.objHomePage" is null
at Test.HomePageTest.chonthuonghieu(HomePageTest.java:23)
at java.base/java.util.ArrayList.forEach(ArrayList.java:1511)
... Removed 27 stack frames]]>
    </failure>
  </testcase> <!-- chonthuonghieu -->
</testsuite> <!-- Test -->
