<?xml version="1.0" encoding="UTF-8"?>
<testng-results ignored="20" total="21" passed="1" failed="0" skipped="0">
  <reporter-output>
  </reporter-output>
  <suite started-at="2021-11-09T19:37:15 ICT" name="Default suite" finished-at="2021-11-09T19:37:53 ICT" duration-ms="37577">
    <groups>
      <group name="head_menu">
        <method signature="HomePageTest.HomePage_MenuTop_Check()[pri:1, instance:Test.HomePageTest@48ae9b55]" name="HomePage_MenuTop_Check" class="Test.HomePageTest"/>
      </group> <!-- head_menu -->
    </groups>
    <test started-at="2021-11-09T19:37:15 ICT" name="Default test" finished-at="2021-11-09T19:37:53 ICT" duration-ms="37577">
      <class name="Test.HomePageTest">
        <test-method is-config="true" signature="before()[pri:0, instance:Test.HomePageTest@48ae9b55]" started-at="2021-11-09T19:37:15 ICT" name="before" finished-at="2021-11-09T19:37:32 ICT" duration-ms="16929" status="PASS">
          <reporter-output>
          </reporter-output>
        </test-method> <!-- before -->
        <test-method signature="HomePage_MenuTop_Check()[pri:1, instance:Test.HomePageTest@48ae9b55]" started-at="2021-11-09T19:37:32 ICT" name="HomePage_MenuTop_Check" finished-at="2021-11-09T19:37:49 ICT" duration-ms="16467" status="PASS">
          <reporter-output>
          </reporter-output>
        </test-method> <!-- HomePage_MenuTop_Check -->
        <test-method is-config="true" signature="afterTest()[pri:0, instance:Test.HomePageTest@48ae9b55]" started-at="2021-11-09T19:37:49 ICT" name="afterTest" finished-at="2021-11-09T19:37:53 ICT" duration-ms="4149" status="PASS">
          <reporter-output>
          </reporter-output>
        </test-method> <!-- afterTest -->
      </class> <!-- Test.HomePageTest -->
    </test> <!-- Default test -->
  </suite> <!-- Default suite -->
</testng-results>
