<?xml version="1.0" encoding="UTF-8"?>
<testng-results ignored="2" total="3" passed="1" failed="0" skipped="0">
  <reporter-output>
  </reporter-output>
  <suite started-at="2021-11-03T15:12:47 ICT" name="Default suite" finished-at="2021-11-03T15:13:24 ICT" duration-ms="37477">
    <groups>
    </groups>
    <test started-at="2021-11-03T15:12:47 ICT" name="Default test" finished-at="2021-11-03T15:13:24 ICT" duration-ms="37477">
      <class name="Test.HomePageTest">
        <test-method is-config="true" signature="before()[pri:0, instance:Test.HomePageTest@5a63f509]" started-at="2021-11-03T15:12:47 ICT" name="before" finished-at="2021-11-03T15:13:18 ICT" duration-ms="30728" status="PASS">
          <reporter-output>
          </reporter-output>
        </test-method> <!-- before -->
        <test-method signature="check_chon_menu()[pri:0, instance:Test.HomePageTest@5a63f509]" started-at="2021-11-03T15:13:18 ICT" name="check_chon_menu" finished-at="2021-11-03T15:13:20 ICT" duration-ms="2562" status="PASS">
          <reporter-output>
          </reporter-output>
        </test-method> <!-- check_chon_menu -->
        <test-method is-config="true" signature="afterTest()[pri:0, instance:Test.HomePageTest@5a63f509]" started-at="2021-11-03T15:13:20 ICT" name="afterTest" finished-at="2021-11-03T15:13:24 ICT" duration-ms="4150" status="PASS">
          <reporter-output>
          </reporter-output>
        </test-method> <!-- afterTest -->
      </class> <!-- Test.HomePageTest -->
    </test> <!-- Default test -->
  </suite> <!-- Default suite -->
</testng-results>
