<?xml version="1.0" encoding="UTF-8"?>
<!-- Generated by org.testng.reporters.JUnitXMLReporter -->
<testsuite ignored="3" hostname="Thien-Acer" failures="0" tests="4" name="Default test" time="22.803" errors="0" timestamp="2021-11-08T22:20:35 ICT">
  <testcase classname="Test.HomePageTest" name="check_fb" time="5.563"/>
  <testcase classname="Test.HomePageTest" name="check_youtube" time="3.122"/>
  <testcase classname="Test.HomePageTest" name="check_instagram" time="2.623"/>
  <testcase classname="Test.HomePageTest" name="check_tiktok" time="2.633"/>
  <testcase classname="Test.HomePageTest" name="Check_menu_duoi" time="0.0">
    <ignored/>
  </testcase> <!-- Check_menu_duoi -->
  <testcase classname="Test.HomePageTest" name="HomePage_MenuTop_Check" time="0.0">
    <ignored/>
  </testcase> <!-- HomePage_MenuTop_Check -->
  <testcase classname="Test.HomePageTest" name="chonthuonghieu" time="0.0">
    <ignored/>
  </testcase> <!-- chonthuonghieu -->
</testsuite> <!-- Default test -->
