<?xml version="1.0" encoding="UTF-8"?>
<!-- Generated by org.testng.reporters.JUnitXMLReporter -->
<testsuite ignored="1" hostname="Thien-Acer" failures="0" tests="2" name="Default test" time="110.288" errors="0" timestamp="2021-11-06T11:15:12 ICT">
  <testcase classname="Test.HomePageTest" name="HomePage_MenuTop_Check" time="50.853"/>
  <testcase classname="Test.HomePageTest" name="Check_menu_duoi" time="13.998"/>
  <testcase classname="Test.HomePageTest" name="chonthuonghieu" time="0.0">
    <ignored/>
  </testcase> <!-- chonthuonghieu -->
</testsuite> <!-- Default test -->
